TN:
SF:contracts/Weedies.sol
FN:74,Weedies.mint
FNDA:25198,Weedies.mint
DA:75,25198
DA:75,25198
BRDA:75,0,0,258
BRDA:75,0,1,24940
DA:76,258
DA:76,258
DA:79,24940
DA:79,24940
DA:79,24940
DA:79,24940
BRDA:79,1,0,258
BRDA:79,1,1,24682
DA:80,258
DA:80,258
DA:83,24682
DA:83,24682
DA:83,24682
BRDA:83,2,0,1
BRDA:83,2,1,24681
DA:84,1
DA:84,1
DA:87,24681
DA:87,24681
DA:87,24681
BRDA:87,3,0,1
BRDA:87,3,1,24680
DA:88,1
DA:88,1
DA:91,24680
DA:91,24680
FN:94,Weedies._mint
FNDA:24680,Weedies._mint
DA:95,24680
DA:95,24680
DA:96,24680
DA:96,24680
DA:97,24680
DA:97,24680
FN:100,Weedies.withdraw
FNDA:259,Weedies.withdraw
DA:101,259
DA:101,259
DA:102,259
DA:102,259
DA:103,259
DA:103,259
BRDA:103,4,0,-
BRDA:103,4,1,259
DA:105,259
DA:105,259
FN:108,Weedies.isWithinConstraints
FNDA:1804,Weedies.isWithinConstraints
DA:109,27002
DA:109,27002
FN:114,Weedies.isWithinConstraints
FNDA:0,Weedies.isWithinConstraints
DA:119,27002
DA:119,27002
DA:119,27002
DA:119,25972
BRDA:119,5,0,259
BRDA:119,5,1,27002
DA:120,259
DA:120,259
DA:122,27002
DA:122,27002
DA:122,27002
DA:122,1030
BRDA:122,6,0,258
BRDA:122,6,1,515
DA:123,515
DA:123,515
DA:126,27002
DA:126,27002
BRDA:126,7,0,25972
BRDA:126,7,1,27002
DA:127,25972
DA:127,25972
DA:130,27002
DA:130,27002
BRDA:130,8,0,774
BRDA:130,8,1,27002
DA:131,774
DA:131,774
FN:135,Weedies.getMintStartTimestamp
FNDA:7,Weedies.getMintStartTimestamp
DA:136,27009
DA:136,27009
FN:139,Weedies.getMintEndTimestamp
FNDA:7,Weedies.getMintEndTimestamp
DA:140,27009
DA:140,27009
FN:143,Weedies.getMintPrice
FNDA:0,Weedies.getMintPrice
DA:144,24940
DA:144,24940
FN:147,Weedies.getAcitveMintingThreshold
FNDA:0,Weedies.getAcitveMintingThreshold
DA:152,24940
DA:152,24940
DA:152,24940
DA:152,0
DA:154,24940
DA:154,24940
BRDA:153,9,0,-
BRDA:153,9,1,24940
DA:157,24940
DA:157,24940
DA:158,24940
DA:158,24940
FN:163,Weedies.getMaxMintCount
FNDA:0,Weedies.getMaxMintCount
DA:164,0
DA:164,0
FN:167,Weedies.getMintCount
FNDA:1,Weedies.getMintCount
DA:168,1
DA:168,1
FN:171,Weedies.getMintRoyaltyRecipient
FNDA:0,Weedies.getMintRoyaltyRecipient
DA:172,0
DA:172,0
FN:175,Weedies._baseURI
FNDA:1,Weedies._baseURI
DA:176,1
DA:176,1
FN:179,Weedies._startTokenId
FNDA:74564,Weedies._startTokenId
DA:180,74564
DA:180,74564
FNF:14
FNH:9
LF:37
LH:35
BRF:20
BRH:18
end_of_record
TN:
SF:script/DeployHelpers.s.sol
FN:19,ScaffoldETHDeploy.setupLocalhostEnv
FNDA:0,ScaffoldETHDeploy.setupLocalhostEnv
DA:23,0
DA:23,0
BRDA:23,0,0,-
BRDA:23,0,1,-
DA:24,0
DA:24,0
DA:25,0
DA:25,0
DA:26,0
DA:26,0
DA:26,0
DA:27,0
DA:27,0
DA:27,0
DA:28,0
DA:28,0
DA:28,0
DA:29,0
DA:29,0
DA:29,0
DA:31,0
DA:31,0
DA:31,0
FN:35,ScaffoldETHDeploy.exportDeployments
FNDA:0,ScaffoldETHDeploy.exportDeployments
DA:37,0
DA:37,0
DA:38,0
DA:38,0
DA:39,0
DA:39,0
DA:39,0
DA:40,0
DA:40,0
DA:42,0
DA:42,0
DA:44,0
DA:44,0
DA:46,0
DA:46,0
DA:46,0
DA:46,0
DA:47,0
DA:47,0
DA:52,0
DA:52,0
DA:54,0
DA:54,0
DA:59,0
DA:59,0
DA:60,0
DA:60,0
FN:63,ScaffoldETHDeploy.getChain
FNDA:0,ScaffoldETHDeploy.getChain
DA:64,0
DA:64,0
DA:64,0
FN:67,ScaffoldETHDeploy.findChainName
FNDA:0,ScaffoldETHDeploy.findChainName
DA:68,0
DA:68,0
DA:69,0
DA:69,0
DA:69,0
DA:70,0
DA:70,0
DA:70,0
DA:70,0
DA:71,0
DA:71,0
DA:79,0
DA:79,0
FNF:4
FNH:0
LF:26
LH:0
BRF:2
BRH:0
end_of_record
TN:
SF:script/VerifyAll.s.sol
FN:26,VerifyAll.run
FNDA:0,VerifyAll.run
DA:27,0
DA:27,0
DA:27,0
DA:28,0
DA:28,0
DA:28,0
DA:34,0
DA:34,0
DA:34,0
DA:36,0
DA:36,0
DA:37,0
DA:37,0
DA:38,0
DA:38,0
FN:42,VerifyAll._verifyIfContractDeployment
FNDA:0,VerifyAll._verifyIfContractDeployment
DA:43,0
DA:43,0
DA:43,0
DA:49,0
DA:49,0
DA:49,0
DA:49,0
BRDA:49,0,0,-
BRDA:49,0,1,-
DA:50,0
DA:50,0
FN:54,VerifyAll._verifyContract
FNDA:0,VerifyAll._verifyContract
DA:55,0
DA:55,0
DA:55,0
DA:59,0
DA:59,0
DA:59,0
DA:65,0
DA:65,0
DA:65,0
DA:71,0
DA:71,0
DA:71,0
DA:75,0
DA:75,0
DA:75,0
DA:81,0
DA:81,0
DA:81,0
DA:82,0
DA:82,0
DA:83,0
DA:83,0
DA:84,0
DA:84,0
DA:85,0
DA:85,0
DA:86,0
DA:86,0
DA:87,0
DA:87,0
DA:88,0
DA:88,0
DA:89,0
DA:89,0
DA:90,0
DA:90,0
DA:92,0
DA:92,0
DA:92,0
DA:94,0
DA:94,0
BRDA:94,1,0,-
BRDA:94,1,1,-
DA:95,0
DA:95,0
DA:101,0
DA:101,0
DA:103,0
DA:103,0
DA:105,0
DA:105,0
FN:108,VerifyAll.nextTransaction
FNDA:0,VerifyAll.nextTransaction
DA:113,0
DA:113,0
FN:120,VerifyAll._getCompiledBytecode
FNDA:0,VerifyAll._getCompiledBytecode
DA:125,0
DA:125,0
DA:125,0
DA:126,0
DA:126,0
DA:126,0
DA:129,0
DA:129,0
FN:132,VerifyAll.getTransactionFromRaw
FNDA:0,VerifyAll.getTransactionFromRaw
DA:136,0
DA:136,0
FN:139,VerifyAll.searchStr
FNDA:0,VerifyAll.searchStr
DA:143,0
DA:143,0
DA:144,0
DA:144,0
FNF:7
FNH:0
LF:37
LH:0
BRF:4
BRH:0
end_of_record
