TN:
SF:contracts/YourContract.sol
FN:66,YourContract.startMint
FNDA:0,YourContract.startMint
FN:79,YourContract.getMintDuration
FNDA:0,YourContract.getMintDuration
DA:80,0
DA:80,0
FN:83,YourContract.getStartMintTimestamp
FNDA:0,YourContract.getStartMintTimestamp
DA:88,0
DA:88,0
FN:91,YourContract.mint
FNDA:5,YourContract.mint
DA:104,5
DA:104,5
DA:104,5
DA:106,5
DA:106,5
BRDA:106,0,0,2
BRDA:106,0,1,3
DA:107,2
DA:107,2
DA:110,3
DA:110,3
DA:110,3
BRDA:110,1,0,-
BRDA:110,1,1,3
DA:111,0
DA:111,0
DA:114,3
DA:114,3
DA:115,3
DA:115,3
DA:116,3
DA:116,3
DA:117,3
DA:117,3
FN:120,YourContract.withdraw
FNDA:0,YourContract.withdraw
DA:121,0
DA:121,0
DA:122,0
DA:122,0
DA:123,0
DA:123,0
BRDA:123,2,0,-
BRDA:123,2,1,-
FN:126,YourContract.supportsInterface
FNDA:0,YourContract.supportsInterface
DA:132,0
DA:132,0
DA:132,0
FN:137,YourContract.getRolledTokenId
FNDA:774,YourContract.getRolledTokenId
DA:138,1553
DA:138,1553
FN:141,YourContract.getRolledTokenURI
FNDA:774,YourContract.getRolledTokenURI
DA:146,774
DA:146,774
FN:150,YourContract.rollOneUp
FNDA:777,YourContract.rollOneUp
DA:151,777
DA:151,777
DA:151,777
DA:152,777
DA:152,777
DA:153,777
DA:153,777
FN:156,YourContract.generateRandomNumberWithFilter
FNDA:24437,YourContract.generateRandomNumberWithFilter
DA:160,25214
DA:160,25214
DA:161,25214
DA:161,25214
DA:165,25212
DA:165,25212
DA:169,25212
DA:169,25212
DA:171,25212
DA:171,25212
FN:174,YourContract.generateRandomNumberWithFilterNoWrite
FNDA:10,YourContract.generateRandomNumberWithFilterNoWrite
DA:179,25224
DA:179,25224
BRDA:179,3,0,2
BRDA:179,3,1,25222
DA:180,2
DA:180,2
DA:183,25222
DA:183,25222
DA:183,25222
DA:187,25222
DA:187,25222
DA:190,25222
DA:190,25222
FN:193,YourContract.generateRandomNumberWithIndexAccomodation
FNDA:10,YourContract.generateRandomNumberWithIndexAccomodation
DA:198,10
DA:198,10
FN:201,YourContract.generateRandomNumber
FNDA:10,YourContract.generateRandomNumber
DA:206,25242
DA:206,25242
DA:206,25242
DA:207,25242
DA:207,25242
FN:210,YourContract.generateRandomHash
FNDA:0,YourContract.generateRandomHash
DA:211,25242
DA:211,25242
FN:220,YourContract.tokenURI
FNDA:2,YourContract.tokenURI
DA:226,2
DA:226,2
DA:227,2
DA:227,2
DA:227,2
FN:232,YourContract._baseURI
FNDA:776,YourContract._baseURI
DA:233,776
DA:233,776
FN:236,YourContract.getMaxMintCount
FNDA:0,YourContract.getMaxMintCount
DA:237,0
DA:237,0
FN:240,YourContract.getMintCount
FNDA:2,YourContract.getMintCount
DA:241,2
DA:241,2
FN:244,YourContract.getRoyaltyRecipient
FNDA:0,YourContract.getRoyaltyRecipient
DA:245,0
DA:245,0
FN:248,YourContract.getMintPrice
FNDA:0,YourContract.getMintPrice
DA:249,3
DA:249,3
FN:252,YourContract.getAcitveMintingThreshold
FNDA:0,YourContract.getAcitveMintingThreshold
DA:257,3
DA:257,3
DA:257,4
DA:257,1
DA:259,3
DA:259,3
BRDA:258,4,0,-
BRDA:258,4,1,2
DA:262,2
DA:262,2
DA:263,2
DA:263,2
FNF:21
FNH:11
LF:45
LH:36
BRF:10
BRH:6
end_of_record
TN:
SF:script/DeployHelpers.s.sol
FN:19,ScaffoldETHDeploy.setupLocalhostEnv
FNDA:0,ScaffoldETHDeploy.setupLocalhostEnv
DA:23,0
DA:23,0
BRDA:23,0,0,-
BRDA:23,0,1,-
DA:24,0
DA:24,0
DA:25,0
DA:25,0
DA:26,0
DA:26,0
DA:26,0
DA:27,0
DA:27,0
DA:27,0
DA:28,0
DA:28,0
DA:28,0
DA:29,0
DA:29,0
DA:29,0
DA:31,0
DA:31,0
DA:31,0
FN:35,ScaffoldETHDeploy.exportDeployments
FNDA:0,ScaffoldETHDeploy.exportDeployments
DA:37,0
DA:37,0
DA:38,0
DA:38,0
DA:39,0
DA:39,0
DA:39,0
DA:40,0
DA:40,0
DA:42,0
DA:42,0
DA:44,0
DA:44,0
DA:46,0
DA:46,0
DA:46,0
DA:46,0
DA:47,0
DA:47,0
DA:52,0
DA:52,0
DA:54,0
DA:54,0
DA:59,0
DA:59,0
DA:60,0
DA:60,0
FN:63,ScaffoldETHDeploy.getChain
FNDA:0,ScaffoldETHDeploy.getChain
DA:64,0
DA:64,0
DA:64,0
FN:67,ScaffoldETHDeploy.findChainName
FNDA:0,ScaffoldETHDeploy.findChainName
DA:68,0
DA:68,0
DA:69,0
DA:69,0
DA:69,0
DA:70,0
DA:70,0
DA:70,0
DA:70,0
DA:71,0
DA:71,0
DA:79,0
DA:79,0
FNF:4
FNH:0
LF:26
LH:0
BRF:2
BRH:0
end_of_record
TN:
SF:script/VerifyAll.s.sol
FN:26,VerifyAll.run
FNDA:0,VerifyAll.run
DA:27,0
DA:27,0
DA:27,0
DA:28,0
DA:28,0
DA:28,0
DA:34,0
DA:34,0
DA:34,0
DA:36,0
DA:36,0
DA:37,0
DA:37,0
DA:38,0
DA:38,0
FN:42,VerifyAll._verifyIfContractDeployment
FNDA:0,VerifyAll._verifyIfContractDeployment
DA:43,0
DA:43,0
DA:43,0
DA:49,0
DA:49,0
DA:49,0
DA:49,0
BRDA:49,0,0,-
BRDA:49,0,1,-
DA:50,0
DA:50,0
FN:54,VerifyAll._verifyContract
FNDA:0,VerifyAll._verifyContract
DA:55,0
DA:55,0
DA:55,0
DA:59,0
DA:59,0
DA:59,0
DA:65,0
DA:65,0
DA:65,0
DA:71,0
DA:71,0
DA:71,0
DA:75,0
DA:75,0
DA:75,0
DA:81,0
DA:81,0
DA:81,0
DA:82,0
DA:82,0
DA:83,0
DA:83,0
DA:84,0
DA:84,0
DA:85,0
DA:85,0
DA:86,0
DA:86,0
DA:87,0
DA:87,0
DA:88,0
DA:88,0
DA:89,0
DA:89,0
DA:90,0
DA:90,0
DA:92,0
DA:92,0
DA:92,0
DA:94,0
DA:94,0
BRDA:94,1,0,-
BRDA:94,1,1,-
DA:95,0
DA:95,0
DA:101,0
DA:101,0
DA:103,0
DA:103,0
DA:105,0
DA:105,0
FN:108,VerifyAll.nextTransaction
FNDA:0,VerifyAll.nextTransaction
DA:113,0
DA:113,0
FN:120,VerifyAll._getCompiledBytecode
FNDA:0,VerifyAll._getCompiledBytecode
DA:125,0
DA:125,0
DA:125,0
DA:126,0
DA:126,0
DA:126,0
DA:129,0
DA:129,0
FN:132,VerifyAll.getTransactionFromRaw
FNDA:0,VerifyAll.getTransactionFromRaw
DA:136,0
DA:136,0
FN:139,VerifyAll.searchStr
FNDA:0,VerifyAll.searchStr
DA:143,0
DA:143,0
DA:144,0
DA:144,0
FNF:7
FNH:0
LF:37
LH:0
BRF:4
BRH:0
end_of_record
TN:
SF:test/YourContract24420SheetRandomness.t.sol
FN:10,YourContract24420SheetRandomness.setUp24420AnswerSheets
FNDA:0,YourContract24420SheetRandomness.setUp24420AnswerSheets
DA:11,5
DA:11,5
DA:13,5
DA:13,5
DA:14,5
DA:14,5
DA:15,5
DA:15,5
DA:16,5
DA:16,5
DA:17,5
DA:17,5
DA:19,5
DA:19,5
DA:20,5
DA:20,5
DA:21,5
DA:21,5
DA:22,5
DA:22,5
DA:23,5
DA:23,5
DA:25,5
DA:25,5
DA:26,5
DA:26,5
DA:27,5
DA:27,5
DA:28,5
DA:28,5
DA:29,5
DA:29,5
DA:31,5
DA:31,5
DA:32,5
DA:32,5
DA:33,5
DA:33,5
DA:34,5
DA:34,5
DA:35,5
DA:35,5
FN:38,YourContract24420SheetRandomness.setUp
FNDA:5,YourContract24420SheetRandomness.setUp
DA:39,5
DA:39,5
DA:40,5
DA:40,5
FNF:2
FNH:1
LF:23
LH:23
BRF:0
BRH:0
end_of_record
TN:
SF:test/YourContract5SheetRandomness.t.sol
FN:10,YourContract5SheetRandomness.setUp5AnswerSheets
FNDA:0,YourContract5SheetRandomness.setUp5AnswerSheets
DA:11,5
DA:11,5
DA:13,5
DA:13,5
DA:14,5
DA:14,5
DA:15,5
DA:15,5
DA:16,5
DA:16,5
DA:17,5
DA:17,5
DA:19,5
DA:19,5
DA:20,5
DA:20,5
DA:21,5
DA:21,5
DA:22,5
DA:22,5
DA:23,5
DA:23,5
DA:25,5
DA:25,5
DA:26,5
DA:26,5
DA:27,5
DA:27,5
DA:28,5
DA:28,5
DA:29,5
DA:29,5
DA:31,5
DA:31,5
DA:32,5
DA:32,5
DA:33,5
DA:33,5
DA:34,5
DA:34,5
DA:35,5
DA:35,5
FN:38,YourContract5SheetRandomness.setUp
FNDA:5,YourContract5SheetRandomness.setUp
DA:39,5
DA:39,5
DA:40,5
DA:40,5
FNF:2
FNH:1
LF:23
LH:23
BRF:0
BRH:0
end_of_record
